c:\users\stefan\documents\visual studio 2015\projects\codebase\codebase\release\vc140.pdb
c:\users\stefan\documents\visual studio 2015\projects\codebase\codebase\release\waveloader.obj
c:\users\stefan\documents\visual studio 2015\projects\codebase\codebase\release\baseopenglwindow.obj
c:\users\stefan\documents\visual studio 2015\projects\codebase\codebase\release\vec2.obj
c:\users\stefan\documents\visual studio 2015\projects\codebase\codebase\release\texture.obj
c:\users\stefan\documents\visual studio 2015\projects\codebase\codebase\release\soundmaster.obj
c:\users\stefan\documents\visual studio 2015\projects\codebase\codebase\release\shaderprogram.obj
c:\users\stefan\documents\visual studio 2015\projects\codebase\codebase\release\shader.obj
c:\users\stefan\documents\visual studio 2015\projects\codebase\codebase\release\physicsengine.obj
c:\users\stefan\documents\visual studio 2015\projects\codebase\codebase\release\mat4.obj
c:\users\stefan\documents\visual studio 2015\projects\codebase\codebase\release\mat3.obj
c:\users\stefan\documents\visual studio 2015\projects\codebase\codebase\release\bufferconfigurator.obj
c:\users\stefan\documents\visual studio 2015\projects\codebase\codebase\release\baseopenglrenderer.obj
c:\users\stefan\documents\visual studio 2015\projects\codebase\release\codebase.dll
c:\users\stefan\documents\visual studio 2015\projects\codebase\release\codebase.ipdb
c:\users\stefan\documents\visual studio 2015\projects\codebase\release\codebase.iobj
c:\users\stefan\documents\visual studio 2015\projects\codebase\release\codebase.pdb
c:\users\stefan\documents\visual studio 2015\projects\codebase\codebase\release\codebase.tlog\cl.command.1.tlog
c:\users\stefan\documents\visual studio 2015\projects\codebase\codebase\release\codebase.tlog\cl.read.1.tlog
c:\users\stefan\documents\visual studio 2015\projects\codebase\codebase\release\codebase.tlog\cl.write.1.tlog
c:\users\stefan\documents\visual studio 2015\projects\codebase\codebase\release\codebase.tlog\link.command.1.tlog
c:\users\stefan\documents\visual studio 2015\projects\codebase\codebase\release\codebase.tlog\link.read.1.tlog
c:\users\stefan\documents\visual studio 2015\projects\codebase\codebase\release\codebase.tlog\link.write.1.tlog
