Build started 11.04.2019 12:48:07.
     1>Project "C:\Users\Stefan\Documents\Visual Studio 2015\Projects\CodeBase\CodeBase\CodeBase.vcxproj" on node 2 (Rebuild target(s)).
     1>ClCompile:
         C:\Program Files (x86)\Microsoft Visual Studio 14.0\VC\bin\CL.exe /c /Zi /nologo /W3 /WX- /sdl /O2 /Oi /Oy- /GL /D _WINDLL /D _MBCS /Gm- /EHsc /MD /GS /Gy /fp:precise /Zc:wchar_t /Zc:forScope /Zc:inline /Fo"Release\\" /Fd"Release\vc140.pdb" /Gd /TP /analyze- /errorReport:prompt BaseOpenGLRenderer.cpp BufferConfigurator.cpp Mat3.cpp Mat4.cpp PhysicsEngine.cpp Shader.cpp ShaderProgram.cpp SoundMaster.cpp Texture.cpp Vec2.cpp BaseOpenGLWindow.cpp WaveLoader.cpp
         BaseOpenGLRenderer.cpp
         BufferConfigurator.cpp
         Mat3.cpp
         Mat4.cpp
         PhysicsEngine.cpp
         Shader.cpp
         ShaderProgram.cpp
         SoundMaster.cpp
         Texture.cpp
         Vec2.cpp
         BaseOpenGLWindow.cpp
         WaveLoader.cpp
       Link:
         C:\Program Files (x86)\Microsoft Visual Studio 14.0\VC\bin\link.exe /ERRORREPORT:PROMPT /OUT:"C:\Users\Stefan\Documents\Visual Studio 2015\Projects\CodeBase\Release\CodeBase.dll" /NOLOGO glfw3.lib glew32.lib glfw3dll.lib opengl32.lib OpenAL32.lib kernel32.lib user32.lib gdi32.lib winspool.lib comdlg32.lib advapi32.lib shell32.lib ole32.lib oleaut32.lib uuid.lib odbc32.lib odbccp32.lib /MANIFEST /MANIFESTUAC:"level='asInvoker' uiAccess='false'" /manifest:embed /Debug /PDB:"C:\Users\Stefan\Documents\Visual Studio 2015\Projects\CodeBase\Release\CodeBase.pdb" /OPT:REF /OPT:ICF /LTCG:incremental /TLBID:1 /DYNAMICBASE /NXCOMPAT /IMPLIB:"C:\Users\Stefan\Documents\Visual Studio 2015\Projects\CodeBase\Release\CodeBase.lib" /MACHINE:X86 /SAFESEH /DLL Release\BaseOpenGLRenderer.obj
         Release\BufferConfigurator.obj
         Release\Mat3.obj
         Release\Mat4.obj
         Release\PhysicsEngine.obj
         Release\Shader.obj
         Release\ShaderProgram.obj
         Release\SoundMaster.obj
         Release\Texture.obj
         Release\Vec2.obj
         Release\BaseOpenGLWindow.obj
         Release\WaveLoader.obj
         Generating code
         All 1 functions were compiled because no usable IPDB/IOBJ from previous compilation was found.
         Finished generating code
         CodeBase.vcxproj -> C:\Users\Stefan\Documents\Visual Studio 2015\Projects\CodeBase\Release\CodeBase.dll
     1>Done Building Project "C:\Users\Stefan\Documents\Visual Studio 2015\Projects\CodeBase\CodeBase\CodeBase.vcxproj" (Rebuild target(s)).

Build succeeded.

Time Elapsed 00:00:06.91
